#
# A fatal error has been detected by the Java Runtime Environment:
#
#  EXCEPTION_ACCESS_VIOLATION (0xc0000005) at pc=0x0000000077a4f23c, pid=10180, tid=0x0000000000003448
#
# JRE version: Java(TM) SE Runtime Environment (8.0_131-b11) (build 1.8.0_131-b11)
# Java VM: Java HotSpot(TM) 64-Bit Server VM (25.131-b11 mixed mode windows-amd64 compressed oops)
# Problematic frame:
# C  [ntdll.dll+0x4f23c]
#
# Failed to write core dump. Minidumps are not enabled by default on client versions of Windows
#
# If you would like to submit a bug report, please visit:
#   http://bugreport.java.com/bugreport/crash.jsp
#

---------------  T H R E A D  ---------------

Current thread (0x00000000246ec000):  Thread [stack: 0x00000000325e0000,0x00000000326e0000] [id=13384]

siginfo: ExceptionCode=0xc0000005, reading address 0x00000167687ef198

Registers:
RAX=0x000000001ff6b650, RBX=0x00000167687ef190, RCX=0x000000ffffffffff, RDX=0x0000000000000000
RSP=0x00000000326dfb30, RBP=0x0000000027037020, RSI=0x0000000000000000, RDI=0x0000000000000000
R8 =0x0000000027037010, R9 =0x00000000326dfc90, R10=0x0000000000000000, R11=0x00024048001e000b
R12=0x0000000002550000, R13=0x0000000000000000, R14=0x0000000000000000, R15=0x0000000000000000
RIP=0x0000000077a4f23c, EFLAGS=0x0000000000010206

Top of Stack: (sp=0x00000000326dfb30)
0x00000000326dfb30:   0000000000000000 0000000000000000
0x00000000326dfb40:   0000000000000000 0000000000000000
0x00000000326dfb50:   0000000000000000 00000000246ec000
0x00000000326dfb60:   0000000000000000 000007fefdcb133c
0x00000000326dfb70:   0000000000000000 0000000000000000
0x00000000326dfb80:   0000000000000000 0000000027037020
0x00000000326dfb90:   0000000000000000 00000000326dfc90
0x00000000326dfba0:   00000000246ec000 0000000077901a0a
0x00000000326dfbb0:   0000000000000000 0000000000000000
0x00000000326dfbc0:   00000000444d0455 0000000026b67dc0
0x00000000326dfbd0:   00000000246ec000 000000005efb8d94
0x00000000326dfbe0:   0000000026b67dc0 0000000000000000
0x00000000326dfbf0:   0000000000000000 0000000000000000
0x00000000326dfc00:   00000000246ec000 0000000070573606
0x00000000326dfc10:   00000000246ec000 00000000246ec000
0x00000000326dfc20:   0000000000000000 0000000024b5ff50 

Instructions: (pc=0x0000000077a4f23c)
0x0000000077a4f21c:   ff ff 00 00 00 49 33 dc 48 23 c1 48 c1 eb 04 48
0x0000000077a4f22c:   33 d8 48 33 1d 93 e1 0d 00 48 c1 e3 04 0f 0d 0b
0x0000000077a4f23c:   48 8b 7b 08 49 bd 01 00 00 00 01 00 00 00 49 be
0x0000000077a4f24c:   ff 7f 00 00 ff ff ff ff 41 c6 40 0f 80 41 88 70 


Register to memory mapping:

RAX=0x000000001ff6b650 is an unknown value
RBX=0x00000167687ef190 is an unknown value
RCX=0x000000ffffffffff is an unknown value
RDX=0x0000000000000000 is an unknown value
RSP=0x00000000326dfb30 is an unknown value
RBP=0x0000000027037020 is an unknown value
RSI=0x0000000000000000 is an unknown value
RDI=0x0000000000000000 is an unknown value
R8 =0x0000000027037010 is an unknown value
R9 =0x00000000326dfc90 is an unknown value
R10=0x0000000000000000 is an unknown value
R11=0x00024048001e000b is an unknown value
R12=0x0000000002550000 is an unknown value
R13=0x0000000000000000 is an unknown value
R14=0x0000000000000000 is an unknown value
R15=0x0000000000000000 is an unknown value


Stack: [0x00000000325e0000,0x00000000326e0000],  sp=0x00000000326dfb30,  free space=1022k
Native frames: (J=compiled Java code, j=interpreted, Vv=VM code, C=native code)
C  [ntdll.dll+0x4f23c]
C  [kernel32.dll+0x21a0a]
C  [msvcr100.dll+0x68d94]
V  [jvm.dll+0x243606]
V  [jvm.dll+0x244ea4]
V  [jvm.dll+0x29cc1a]
C  [msvcr100.dll+0x21d9f]
C  [msvcr100.dll+0x21e3b]
C  [kernel32.dll+0x159cd]
C  [ntdll.dll+0x2a561]


---------------  P R O C E S S  ---------------

Java Threads: ( => current thread )
  0x00000000246ed800 JavaThread "RMI TCP Connection(5)-192.168.1.49" daemon [_thread_in_native, id=15116, stack(0x0000000031a60000,0x0000000031b60000)]
  0x0000000024570800 JavaThread "GameSchedule-ThreadPool-4" [_thread_blocked, id=7164, stack(0x0000000032460000,0x0000000032560000)]
  0x000000002456f000 JavaThread "GameSchedule-ThreadPool-3" [_thread_blocked, id=14216, stack(0x00000000322f0000,0x00000000323f0000)]
  0x0000000024570000 JavaThread "GameSchedule-ThreadPool-2" [_thread_blocked, id=13616, stack(0x0000000031820000,0x0000000031920000)]
  0x000000002456c000 JavaThread "TaskThreadPool" [_thread_blocked, id=13204, stack(0x00000000320f0000,0x00000000321f0000)]
  0x000000002456d000 JavaThread "GameSchedule-ThreadPool-1" [_thread_blocked, id=2216, stack(0x0000000031f10000,0x0000000032010000)]
  0x00000000246ef000 JavaThread "TaskThreadPool" [_thread_blocked, id=7776, stack(0x0000000031b70000,0x0000000031c70000)]
  0x00000000246ea800 JavaThread "TaskThreadPool" [_thread_blocked, id=9728, stack(0x0000000030710000,0x0000000030810000)]
  0x00000000246eb000 JavaThread "org.springframework.scheduling.concurrent.ThreadPoolTaskScheduler#1477089c-20" [_thread_blocked, id=10948, stack(0x0000000031930000,0x0000000031a30000)]
  0x00000000246e9800 JavaThread "threadPoolTaskExecutor-2" [_thread_blocked, id=8256, stack(0x0000000031710000,0x0000000031810000)]
  0x00000000240b2800 JavaThread "TaskThreadPool" [_thread_blocked, id=12164, stack(0x00000000205c0000,0x00000000206c0000)]
  0x00000000240b1000 JavaThread "org.springframework.scheduling.concurrent.ThreadPoolTaskScheduler#1477089c-19" [_thread_blocked, id=5684, stack(0x0000000031360000,0x0000000031460000)]
  0x00000000240b1800 JavaThread "org.springframework.scheduling.concurrent.ThreadPoolTaskScheduler#1477089c-18" [_thread_blocked, id=6244, stack(0x00000000315c0000,0x00000000316c0000)]
  0x00000000240b0000 JavaThread "org.springframework.scheduling.concurrent.ThreadPoolTaskScheduler#1477089c-17" [_thread_blocked, id=3312, stack(0x0000000031470000,0x0000000031570000)]
  0x00000000240ad800 JavaThread "org.springframework.scheduling.concurrent.ThreadPoolTaskScheduler#1477089c-16" [_thread_blocked, id=2712, stack(0x00000000311c0000,0x00000000312c0000)]
  0x00000000240ae800 JavaThread "org.springframework.scheduling.concurrent.ThreadPoolTaskScheduler#1477089c-15" [_thread_blocked, id=8860, stack(0x0000000031050000,0x0000000031150000)]
  0x00000000240ad000 JavaThread "org.springframework.scheduling.concurrent.ThreadPoolTaskScheduler#1477089c-14" [_thread_blocked, id=4648, stack(0x0000000030ef0000,0x0000000030ff0000)]
  0x00000000240ac000 JavaThread "DataThreadPool-19" [_thread_blocked, id=8816, stack(0x0000000030d60000,0x0000000030e60000)]
  0x00000000240ab800 JavaThread "DataThreadPool-18" [_thread_blocked, id=9148, stack(0x0000000030b90000,0x0000000030c90000)]
  0x0000000021f91000 JavaThread "DataThreadPool-17" [_thread_blocked, id=10648, stack(0x0000000030920000,0x0000000030a20000)]
  0x0000000021f92000 JavaThread "DataThreadPool-16" [_thread_blocked, id=10804, stack(0x0000000030a60000,0x0000000030b60000)]
  0x0000000021f90800 JavaThread "DataThreadPool-15" [_thread_blocked, id=9116, stack(0x0000000030810000,0x0000000030910000)]
  0x0000000021f8f800 JavaThread "DataThreadPool-14" [_thread_blocked, id=9712, stack(0x0000000028500000,0x0000000028600000)]
  0x0000000021f8f000 JavaThread "org.springframework.scheduling.concurrent.ThreadPoolTaskScheduler#1477089c-13" [_thread_blocked, id=12048, stack(0x000000002c480000,0x000000002c580000)]
  0x0000000021f8e000 JavaThread "org.springframework.scheduling.concurrent.ThreadPoolTaskScheduler#1477089c-12" [_thread_blocked, id=10584, stack(0x000000002c310000,0x000000002c410000)]
  0x0000000021f8d800 JavaThread "DataThreadPool-13" [_thread_blocked, id=4468, stack(0x0000000030600000,0x0000000030700000)]
  0x0000000021f8c800 JavaThread "DataThreadPool-12" [_thread_blocked, id=8496, stack(0x00000000302d0000,0x00000000303d0000)]
  0x0000000021f8c000 JavaThread "org.springframework.scheduling.concurrent.ThreadPoolTaskScheduler#1477089c-11" [_thread_blocked, id=11840, stack(0x0000000030480000,0x0000000030580000)]
  0x0000000023aeb800 JavaThread "DataThreadPool-11" [_thread_blocked, id=11368, stack(0x00000000301d0000,0x00000000302d0000)]
  0x0000000023aea000 JavaThread "threadPoolTaskExecutor-1" [_thread_blocked, id=11904, stack(0x00000000282a0000,0x00000000283a0000)]
  0x0000000021f8b000 JavaThread "DataThreadPool-10" [_thread_blocked, id=7848, stack(0x000000002f8e0000,0x000000002f9e0000)]
  0x000000002412f000 JavaThread "DataThreadPool-9" [_thread_blocked, id=11396, stack(0x0000000030000000,0x0000000030100000)]
  0x000000002412e000 JavaThread "DataThreadPool-8" [_thread_blocked, id=11424, stack(0x000000002fec0000,0x000000002ffc0000)]
  0x000000002412d800 JavaThread "DataThreadPool-7" [_thread_blocked, id=6368, stack(0x000000002fd50000,0x000000002fe50000)]
  0x000000002412c800 JavaThread "org.springframework.scheduling.concurrent.ThreadPoolTaskScheduler#1477089c-10" [_thread_blocked, id=11328, stack(0x000000002fb80000,0x000000002fc80000)]
  0x000000002412c000 JavaThread "org.springframework.scheduling.concurrent.ThreadPoolTaskScheduler#1477089c-9" [_thread_blocked, id=8988, stack(0x000000002f4b0000,0x000000002f5b0000)]
  0x0000000024ae9800 JavaThread "DataThreadPool-6" [_thread_blocked, id=7352, stack(0x000000002f9f0000,0x000000002faf0000)]
  0x0000000024ae8800 JavaThread "DataThreadPool-5" [_thread_blocked, id=7120, stack(0x000000002f7e0000,0x000000002f8e0000)]
  0x0000000024ae8000 JavaThread "org.springframework.scheduling.concurrent.ThreadPoolTaskScheduler#1477089c-8" [_thread_blocked, id=3188, stack(0x0000000029850000,0x0000000029950000)]
  0x0000000024ae7000 JavaThread "DataThreadPool-4" [_thread_blocked, id=3744, stack(0x000000002f5f0000,0x000000002f6f0000)]
  0x0000000024ae6800 JavaThread "DataThreadPool-3" [_thread_blocked, id=10076, stack(0x000000002f380000,0x000000002f480000)]
  0x0000000024ae5800 JavaThread "DataThreadPool-2" [_thread_blocked, id=1048, stack(0x000000002f230000,0x000000002f330000)]
  0x0000000024ae5000 JavaThread "DataThreadPool-1" [_thread_blocked, id=11672, stack(0x000000002cc50000,0x000000002cd50000)]
  0x0000000024ae4000 JavaThread "org.springframework.scheduling.concurrent.ThreadPoolTaskScheduler#1477089c-7" [_thread_blocked, id=9904, stack(0x000000002ce80000,0x000000002cf80000)]
  0x0000000024ae3800 JavaThread "org.springframework.scheduling.concurrent.ThreadPoolTaskScheduler#1477089c-6" [_thread_blocked, id=2032, stack(0x000000002cd70000,0x000000002ce70000)]
  0x0000000024ae2800 JavaThread "org.springframework.scheduling.concurrent.ThreadPoolTaskScheduler#1477089c-5" [_thread_blocked, id=8308, stack(0x000000002c580000,0x000000002c680000)]
  0x0000000024a8f800 JavaThread "RMI RenewClean-[192.168.1.49:61335]" daemon [_thread_blocked, id=11020, stack(0x000000002cb40000,0x000000002cc40000)]
  0x0000000023aef000 JavaThread "RMI RenewClean-[192.168.1.49:61324]" daemon [_thread_blocked, id=10452, stack(0x000000002ca30000,0x000000002cb30000)]
  0x000000002243a000 JavaThread "org.springframework.scheduling.concurrent.ThreadPoolTaskScheduler#1477089c-4" [_thread_blocked, id=9784, stack(0x000000002b700000,0x000000002b800000)]
  0x0000000022439800 JavaThread "org.springframework.scheduling.concurrent.ThreadPoolTaskScheduler#1477089c-3" [_thread_blocked, id=3984, stack(0x000000002c190000,0x000000002c290000)]
  0x000000001f2dc000 JavaThread "org.springframework.scheduling.concurrent.ThreadPoolTaskScheduler#1477089c-2" [_thread_blocked, id=9480, stack(0x000000002c6c0000,0x000000002c7c0000)]
  0x000000001f2dc800 JavaThread "DataThreadPool-0" [_thread_blocked, id=7340, stack(0x0000000027dd0000,0x0000000027ed0000)]
  0x0000000022438800 JavaThread "org.eclipse.jetty.server.session.HashSessionManager@67b4671Timer" daemon [_thread_blocked, id=9140, stack(0x000000002bc80000,0x000000002bd80000)]
  0x0000000022438000 JavaThread "qtp39541470-55" [_thread_blocked, id=11568, stack(0x000000002bb40000,0x000000002bc40000)]
  0x0000000022437000 JavaThread "qtp39541470-54" [_thread_blocked, id=8372, stack(0x0000000029d90000,0x0000000029e90000)]
  0x0000000022436800 JavaThread "qtp39541470-53" [_thread_blocked, id=9504, stack(0x000000002b9f0000,0x000000002baf0000)]
  0x0000000022435800 JavaThread "qtp39541470-52" [_thread_blocked, id=8120, stack(0x000000002b800000,0x000000002b900000)]
  0x0000000022435000 JavaThread "qtp39541470-51" [_thread_blocked, id=7932, stack(0x000000002b200000,0x000000002b300000)]
  0x0000000022434000 JavaThread "qtp39541470-50-acceptor-0@54d5ccb0-ServerConnector@614907bd{HTTP/1.1,[http/1.1]}{0.0.0.0:6002}" [_thread_in_native, id=7624, stack(0x000000002b5f0000,0x000000002b6f0000)]
  0x0000000022433800 JavaThread "qtp39541470-49" [_thread_in_native, id=2936, stack(0x000000002b440000,0x000000002b540000)]
  0x000000001f2e2800 JavaThread "qtp39541470-48" [_thread_in_native, id=9620, stack(0x000000002b310000,0x000000002b410000)]
  0x000000001f2e2000 JavaThread "GameSchedule-ThreadPool-0" [_thread_blocked, id=7724, stack(0x000000002af00000,0x000000002b000000)]
  0x000000001f2e1000 JavaThread "bonusPointsService-Timer" [_thread_blocked, id=11048, stack(0x0000000029c90000,0x0000000029d90000)]
  0x000000001f2e0800 JavaThread "accountRedpacketPoolService-Timer" [_thread_blocked, id=10032, stack(0x0000000029ac0000,0x0000000029bc0000)]
  0x000000001f2df800 JavaThread "recommenderReceiveService-Timer" [_thread_blocked, id=11864, stack(0x0000000029950000,0x0000000029a50000)]
  0x000000001f2de000 JavaThread "pool-3-thread-1" [_thread_blocked, id=11544, stack(0x0000000029740000,0x0000000029840000)]
  0x000000001f2df000 JavaThread "send-notice-executor-1" [_thread_blocked, id=8376, stack(0x00000000295b0000,0x00000000296b0000)]
  0x0000000023aee800 JavaThread "Timer-MongoDBServiceImpl Timer" [_thread_blocked, id=8316, stack(0x0000000028e50000,0x0000000028f50000)]
  0x0000000023aed000 JavaThread "RMI TCP Connection(3)-192.168.1.49" daemon [_thread_in_native, id=5168, stack(0x00000000283f0000,0x00000000284f0000)]
  0x0000000023aec000 JavaThread "RMI Scheduler(0)" daemon [_thread_blocked, id=11416, stack(0x00000000266d0000,0x00000000267d0000)]
  0x0000000023aea800 JavaThread "db批处理线程-1" [_thread_blocked, id=11468, stack(0x0000000028a80000,0x0000000028b80000)]
  0x0000000023ae9000 JavaThread "Timer-PublicServiceImpl" [_thread_blocked, id=7820, stack(0x00000000287f0000,0x00000000288f0000)]
  0x0000000023ae8800 JavaThread "SessionServiceImpl-Timer" [_thread_blocked, id=8884, stack(0x0000000028600000,0x0000000028700000)]
  0x0000000024a96800 JavaThread "org.springframework.scheduling.concurrent.ThreadPoolTaskScheduler#1477089c-1" [_thread_in_native, id=2180, stack(0x0000000027ef0000,0x0000000027ff0000)]
  0x0000000024a95800 JavaThread "startQuertz_QuartzSchedulerThread" [_thread_blocked, id=8684, stack(0x0000000027ca0000,0x0000000027da0000)]
  0x0000000024a95000 JavaThread "GC Daemon" daemon [_thread_blocked, id=9800, stack(0x00000000263a0000,0x00000000264a0000)]
  0x0000000024a94000 JavaThread "RMI Reaper" [_thread_blocked, id=10672, stack(0x0000000022880000,0x0000000022980000)]
  0x0000000024a93800 JavaThread "RMI TCP Accept-0" daemon [_thread_in_native, id=8648, stack(0x0000000026250000,0x0000000026350000)]
  0x0000000024a92800 JavaThread "RMI TCP Accept-30010" daemon [_thread_in_native, id=6188, stack(0x00000000260e0000,0x00000000261e0000)]
  0x0000000024a92000 JavaThread "MongoCleaner2085952212" daemon [_thread_blocked, id=1792, stack(0x00000000269a0000,0x0000000026aa0000)]
  0x0000000024a90800 JavaThread "cluster-2-192.168.1.10:27017" daemon [_thread_blocked, id=11740, stack(0x0000000026810000,0x0000000026910000)]
  0x0000000024a91000 JavaThread "commons-pool-EvictionTimer" daemon [_thread_blocked, id=5936, stack(0x00000000207b0000,0x00000000208b0000)]
  0x000000001f1b1800 JavaThread "Druid-ConnectionPool-Destory-836621476" daemon [_thread_blocked, id=10836, stack(0x0000000025d30000,0x0000000025e30000)]
  0x000000001ef56800 JavaThread "Druid-ConnectionPool-Create-836621476" daemon [_thread_blocked, id=12196, stack(0x0000000025960000,0x0000000025a60000)]
  0x00000000242f9000 JavaThread "Abandoned connection cleanup thread" daemon [_thread_blocked, id=5512, stack(0x00000000213a0000,0x00000000214a0000)]
  0x000000001fa98800 JavaThread "pool-2-thread-1" [_thread_blocked, id=12216, stack(0x0000000020a70000,0x0000000020b70000)]
  0x000000001f3ac000 JavaThread "FileWatchdog" daemon [_thread_blocked, id=6824, stack(0x00000000208b0000,0x00000000209b0000)]
  0x000000001f3ab800 JavaThread "pool-1-thread-1" [_thread_blocked, id=9264, stack(0x000000001e960000,0x000000001ea60000)]
  0x000000001f17e000 JavaThread "MongoCleaner1307904972" daemon [_thread_blocked, id=10248, stack(0x0000000020440000,0x0000000020540000)]
  0x000000001ef94800 JavaThread "cluster-1-192.168.1.10:27017" daemon [_thread_blocked, id=1388, stack(0x000000001e750000,0x000000001e850000)]
  0x000000001d46b800 JavaThread "Service Thread" daemon [_thread_blocked, id=8048, stack(0x000000001e850000,0x000000001e950000)]
  0x000000001d40b000 JavaThread "C1 CompilerThread2" daemon [_thread_blocked, id=3060, stack(0x000000001e600000,0x000000001e700000)]
  0x000000001d3f8000 JavaThread "C2 CompilerThread1" daemon [_thread_blocked, id=2548, stack(0x000000001e470000,0x000000001e570000)]
  0x000000001d3f7000 JavaThread "C2 CompilerThread0" daemon [_thread_blocked, id=6828, stack(0x000000001dbd0000,0x000000001dcd0000)]
  0x000000001d3ea000 JavaThread "JDWP Command Reader" daemon [_thread_in_native, id=11412, stack(0x000000001e280000,0x000000001e380000)]
  0x000000001d3e6000 JavaThread "JDWP Event Helper Thread" daemon [_thread_blocked, id=7968, stack(0x000000001e0b0000,0x000000001e1b0000)]
  0x000000001d3dc800 JavaThread "JDWP Transport Listener: dt_socket" daemon [_thread_blocked, id=11948, stack(0x000000001df80000,0x000000001e080000)]
  0x000000001d3c2800 JavaThread "Attach Listener" daemon [_thread_blocked, id=9404, stack(0x000000001dac0000,0x000000001dbc0000)]
  0x000000001c105800 JavaThread "Signal Dispatcher" daemon [_thread_blocked, id=10184, stack(0x000000001d930000,0x000000001da30000)]
  0x000000001c0ee000 JavaThread "Finalizer" daemon [_thread_blocked, id=11280, stack(0x000000001d1b0000,0x000000001d2b0000)]
  0x000000001c0a6800 JavaThread "Reference Handler" daemon [_thread_blocked, id=8560, stack(0x000000001d2b0000,0x000000001d3b0000)]
  0x00000000023ec000 JavaThread "main" [_thread_blocked, id=8704, stack(0x00000000026f0000,0x00000000027f0000)]

Other Threads:
  0x000000001c09f000 VMThread [stack: 0x000000001cff0000,0x000000001d0f0000] [id=2536]
  0x000000001d4bb000 WatcherThread [stack: 0x000000001eae0000,0x000000001ebe0000] [id=8288]

=>0x00000000246ec000 (exited) Thread [stack: 0x00000000325e0000,0x00000000326e0000] [id=13384]

VM state:not at safepoint (normal execution)

VM Mutex/Monitor currently owned by a thread: None

Heap:
 PSYoungGen      total 1347072K, used 236901K [0x000000076af80000, 0x00000007c0000000, 0x00000007c0000000)
  eden space 1302528K, 18% used [0x000000076af80000,0x00000007796d9530,0x00000007ba780000)
  from space 44544K, 0% used [0x00000007ba780000,0x00000007ba780000,0x00000007bd300000)
  to   space 42496K, 0% used [0x00000007bd680000,0x00000007bd680000,0x00000007c0000000)
 ParOldGen       total 227328K, used 43296K [0x00000006c0e00000, 0x00000006cec00000, 0x000000076af80000)
  object space 227328K, 19% used [0x00000006c0e00000,0x00000006c38480c8,0x00000006cec00000)
 Metaspace       used 55014K, capacity 56634K, committed 57600K, reserved 1099776K
  class space    used 6081K, capacity 6432K, committed 6656K, reserved 1048576K

Card table byte_map: [0x0000000011bb0000,0x00000000123b0000] byte_map_base: 0x000000000e5a9000

Marking Bits: (ParMarkBitMap*) 0x0000000070b4c720
 Begin Bits: [0x0000000012f80000, 0x0000000016f48000)
 End Bits:   [0x0000000016f48000, 0x000000001af10000)

Polling page: 0x0000000000420000

CodeCache: size=245760Kb used=37143Kb max_used=37211Kb free=208616Kb
 bounds [0x00000000027f0000, 0x0000000004d10000, 0x00000000117f0000]
 total_blobs=9197 nmethods=8624 adapters=492
 compilation: enabled

Compilation events (10 events):
Event: 136602.937 Thread 0x000000001d40b000 11504       3       java.util.TimeZone::getDefaultRef (32 bytes)
Event: 136602.937 Thread 0x000000001d40b000 nmethod 11504 0x0000000004460d10 code [0x0000000004460e80, 0x0000000004461048]
Event: 136818.594 Thread 0x000000001d3f8000 11505   !   4       org.quartz.core.QuartzSchedulerThread::clearSignaledSchedulingChange (28 bytes)
Event: 136818.598 Thread 0x000000001d3f8000 nmethod 11505 0x00000000031e84d0 code [0x00000000031e8600, 0x00000000031e8858]
Event: 138071.948 Thread 0x000000001d3f7000 11506       4       com.mongodb.RequestMessage::backpatchMessageLength (13 bytes)
Event: 138071.954 Thread 0x000000001d3f7000 nmethod 11506 0x00000000038dd110 code [0x00000000038dd260, 0x00000000038dd4c8]
Event: 139902.809 Thread 0x000000001d3f8000 11507       4       java.util.TreeMap$NavigableSubMap::size (34 bytes)
Event: 139902.815 Thread 0x000000001d3f8000 nmethod 11507 0x000000000496b350 code [0x000000000496b500, 0x000000000496bc28]
Event: 140043.609 Thread 0x000000001d3f7000 11508   !   4       org.quartz.simpl.RAMJobStore::acquireNextTriggers (387 bytes)
Event: 140043.816 Thread 0x000000001d3f7000 nmethod 11508 0x00000000036261d0 code [0x00000000036266a0, 0x000000000362c598]

GC Heap History (10 events):
Event: 133347.291 GC heap before
{Heap before GC invocations=89 (full 40):
 PSYoungGen      total 1345536K, used 160K [0x000000076af80000, 0x00000007c0000000, 0x00000007c0000000)
  eden space 1297920K, 0% used [0x000000076af80000,0x000000076af80000,0x00000007ba300000)
  from space 47616K, 0% used [0x00000007ba300000,0x00000007ba328000,0x00000007bd180000)
  to   space 46080K, 0% used [0x00000007bd300000,0x00000007bd300000,0x00000007c0000000)
 ParOldGen       total 227328K, used 117698K [0x00000006c0e00000, 0x00000006cec00000, 0x000000076af80000)
  object space 227328K, 51% used [0x00000006c0e00000,0x00000006c80f0980,0x00000006cec00000)
 Metaspace       used 55157K, capacity 56862K, committed 57600K, reserved 1099776K
  class space    used 6102K, capacity 6470K, committed 6656K, reserved 1048576K
Event: 133347.382 GC heap after
Heap after GC invocations=89 (full 40):
 PSYoungGen      total 1345536K, used 0K [0x000000076af80000, 0x00000007c0000000, 0x00000007c0000000)
  eden space 1297920K, 0% used [0x000000076af80000,0x000000076af80000,0x00000007ba300000)
  from space 47616K, 0% used [0x00000007ba300000,0x00000007ba300000,0x00000007bd180000)
  to   space 46080K, 0% used [0x00000007bd300000,0x00000007bd300000,0x00000007c0000000)
 ParOldGen       total 227328K, used 43532K [0x00000006c0e00000, 0x00000006cec00000, 0x000000076af80000)
  object space 227328K, 19% used [0x00000006c0e00000,0x00000006c38832a8,0x00000006cec00000)
 Metaspace       used 55157K, capacity 56862K, committed 57600K, reserved 1099776K
  class space    used 6102K, capacity 6470K, committed 6656K, reserved 1048576K
}
Event: 136947.382 GC heap before
{Heap before GC invocations=90 (full 40):
 PSYoungGen      total 1345536K, used 471296K [0x000000076af80000, 0x00000007c0000000, 0x00000007c0000000)
  eden space 1297920K, 36% used [0x000000076af80000,0x0000000787bc0000,0x00000007ba300000)
  from space 47616K, 0% used [0x00000007ba300000,0x00000007ba300000,0x00000007bd180000)
  to   space 46080K, 0% used [0x00000007bd300000,0x00000007bd300000,0x00000007c0000000)
 ParOldGen       total 227328K, used 43532K [0x00000006c0e00000, 0x00000006cec00000, 0x000000076af80000)
  object space 227328K, 19% used [0x00000006c0e00000,0x00000006c38832a8,0x00000006cec00000)
 Metaspace       used 55158K, capacity 56862K, committed 57600K, reserved 1099776K
  class space    used 6102K, capacity 6470K, committed 6656K, reserved 1048576K
Event: 136947.386 GC heap after
Heap after GC invocations=90 (full 40):
 PSYoungGen      total 1348608K, used 160K [0x000000076af80000, 0x00000007c0000000, 0x00000007c0000000)
  eden space 1302528K, 0% used [0x000000076af80000,0x000000076af80000,0x00000007ba780000)
  from space 46080K, 0% used [0x00000007bd300000,0x00000007bd328000,0x00000007c0000000)
  to   space 44544K, 0% used [0x00000007ba780000,0x00000007ba780000,0x00000007bd300000)
 ParOldGen       total 227328K, used 43532K [0x00000006c0e00000, 0x00000006cec00000, 0x000000076af80000)
  object space 227328K, 19% used [0x00000006c0e00000,0x00000006c38832a8,0x00000006cec00000)
 Metaspace       used 55158K, capacity 56862K, committed 57600K, reserved 1099776K
  class space    used 6102K, capacity 6470K, committed 6656K, reserved 1048576K
}
Event: 136947.386 GC heap before
{Heap before GC invocations=91 (full 41):
 PSYoungGen      total 1348608K, used 160K [0x000000076af80000, 0x00000007c0000000, 0x00000007c0000000)
  eden space 1302528K, 0% used [0x000000076af80000,0x000000076af80000,0x00000007ba780000)
  from space 46080K, 0% used [0x00000007bd300000,0x00000007bd328000,0x00000007c0000000)
  to   space 44544K, 0% used [0x00000007ba780000,0x00000007ba780000,0x00000007bd300000)
 ParOldGen       total 227328K, used 43532K [0x00000006c0e00000, 0x00000006cec00000, 0x000000076af80000)
  object space 227328K, 19% used [0x00000006c0e00000,0x00000006c38832a8,0x00000006cec00000)
 Metaspace       used 55158K, capacity 56862K, committed 57600K, reserved 1099776K
  class space    used 6102K, capacity 6470K, committed 6656K, reserved 1048576K
Event: 136947.468 GC heap after
Heap after GC invocations=91 (full 41):
 PSYoungGen      total 1348608K, used 0K [0x000000076af80000, 0x00000007c0000000, 0x00000007c0000000)
  eden space 1302528K, 0% used [0x000000076af80000,0x000000076af80000,0x00000007ba780000)
  from space 46080K, 0% used [0x00000007bd300000,0x00000007bd300000,0x00000007c0000000)
  to   space 44544K, 0% used [0x00000007ba780000,0x00000007ba780000,0x00000007bd300000)
 ParOldGen       total 227328K, used 43310K [0x00000006c0e00000, 0x00000006cec00000, 0x000000076af80000)
  object space 227328K, 19% used [0x00000006c0e00000,0x00000006c384bbd8,0x00000006cec00000)
 Metaspace       used 55014K, capacity 56634K, committed 57600K, reserved 1099776K
  class space    used 6081K, capacity 6432K, committed 6656K, reserved 1048576K
}
Event: 140547.467 GC heap before
{Heap before GC invocations=92 (full 41):
 PSYoungGen      total 1348608K, used 452821K [0x000000076af80000, 0x00000007c0000000, 0x00000007c0000000)
  eden space 1302528K, 34% used [0x000000076af80000,0x00000007869b5640,0x00000007ba780000)
  from space 46080K, 0% used [0x00000007bd300000,0x00000007bd300000,0x00000007c0000000)
  to   space 44544K, 0% used [0x00000007ba780000,0x00000007ba780000,0x00000007bd300000)
 ParOldGen       total 227328K, used 43310K [0x00000006c0e00000, 0x00000006cec00000, 0x000000076af80000)
  object space 227328K, 19% used [0x00000006c0e00000,0x00000006c384bbd8,0x00000006cec00000)
 Metaspace       used 55014K, capacity 56634K, committed 57600K, reserved 1099776K
  class space    used 6081K, capacity 6432K, committed 6656K, reserved 1048576K
Event: 140547.472 GC heap after
Heap after GC invocations=92 (full 41):
 PSYoungGen      total 1347072K, used 192K [0x000000076af80000, 0x00000007c0000000, 0x00000007c0000000)
  eden space 1302528K, 0% used [0x000000076af80000,0x000000076af80000,0x00000007ba780000)
  from space 44544K, 0% used [0x00000007ba780000,0x00000007ba7b0000,0x00000007bd300000)
  to   space 42496K, 0% used [0x00000007bd680000,0x00000007bd680000,0x00000007c0000000)
 ParOldGen       total 227328K, used 43310K [0x00000006c0e00000, 0x00000006cec00000, 0x000000076af80000)
  object space 227328K, 19% used [0x00000006c0e00000,0x00000006c384bbd8,0x00000006cec00000)
 Metaspace       used 55014K, capacity 56634K, committed 57600K, reserved 1099776K
  class space    used 6081K, capacity 6432K, committed 6656K, reserved 1048576K
}
Event: 140547.472 GC heap before
{Heap before GC invocations=93 (full 42):
 PSYoungGen      total 1347072K, used 192K [0x000000076af80000, 0x00000007c0000000, 0x00000007c0000000)
  eden space 1302528K, 0% used [0x000000076af80000,0x000000076af80000,0x00000007ba780000)
  from space 44544K, 0% used [0x00000007ba780000,0x00000007ba7b0000,0x00000007bd300000)
  to   space 42496K, 0% used [0x00000007bd680000,0x00000007bd680000,0x00000007c0000000)
 ParOldGen       total 227328K, used 43310K [0x00000006c0e00000, 0x00000006cec00000, 0x000000076af80000)
  object space 227328K, 19% used [0x00000006c0e00000,0x00000006c384bbd8,0x00000006cec00000)
 Metaspace       used 55014K, capacity 56634K, committed 57600K, reserved 1099776K
  class space    used 6081K, capacity 6432K, committed 6656K, reserved 1048576K
Event: 140547.539 GC heap after
Heap after GC invocations=93 (full 42):
 PSYoungGen      total 1347072K, used 0K [0x000000076af80000, 0x00000007c0000000, 0x00000007c0000000)
  eden space 1302528K, 0% used [0x000000076af80000,0x000000076af80000,0x00000007ba780000)
  from space 44544K, 0% used [0x00000007ba780000,0x00000007ba780000,0x00000007bd300000)
  to   space 42496K, 0% used [0x00000007bd680000,0x00000007bd680000,0x00000007c0000000)
 ParOldGen       total 227328K, used 43296K [0x00000006c0e00000, 0x00000006cec00000, 0x000000076af80000)
  object space 227328K, 19% used [0x00000006c0e00000,0x00000006c38480c8,0x00000006cec00000)
 Metaspace       used 55014K, capacity 56634K, committed 57600K, reserved 1099776K
  class space    used 6081K, capacity 6432K, committed 6656K, reserved 1048576K
}

Deoptimization events (10 events):
Event: 142329.517 Thread 0x0000000023aed000 Uncommon trap: reason=unhandled action=none pc=0x0000000003bbb2fc method=java.net.URLClassLoader.findClass(Ljava/lang/String;)Ljava/lang/Class; @ 44
Event: 142329.517 Thread 0x0000000023aed000 Uncommon trap: reason=unhandled action=none pc=0x00000000038ecde0 method=java.net.URLClassLoader.findClass(Ljava/lang/String;)Ljava/lang/Class; @ 44
Event: 142336.101 Thread 0x00000000246ed800 Uncommon trap: reason=unhandled action=none pc=0x0000000003bbb2fc method=java.net.URLClassLoader.findClass(Ljava/lang/String;)Ljava/lang/Class; @ 44
Event: 142336.101 Thread 0x00000000246ed800 Uncommon trap: reason=unhandled action=none pc=0x00000000038ecde0 method=java.net.URLClassLoader.findClass(Ljava/lang/String;)Ljava/lang/Class; @ 44
Event: 142339.517 Thread 0x0000000023aed000 Uncommon trap: reason=unhandled action=none pc=0x0000000003bbb2fc method=java.net.URLClassLoader.findClass(Ljava/lang/String;)Ljava/lang/Class; @ 44
Event: 142339.517 Thread 0x0000000023aed000 Uncommon trap: reason=unhandled action=none pc=0x00000000038ecde0 method=java.net.URLClassLoader.findClass(Ljava/lang/String;)Ljava/lang/Class; @ 44
Event: 142346.100 Thread 0x00000000246ed800 Uncommon trap: reason=unhandled action=none pc=0x0000000003bbb2fc method=java.net.URLClassLoader.findClass(Ljava/lang/String;)Ljava/lang/Class; @ 44
Event: 142346.100 Thread 0x00000000246ed800 Uncommon trap: reason=unhandled action=none pc=0x00000000038ecde0 method=java.net.URLClassLoader.findClass(Ljava/lang/String;)Ljava/lang/Class; @ 44
Event: 142349.516 Thread 0x0000000023aed000 Uncommon trap: reason=unhandled action=none pc=0x0000000003bbb2fc method=java.net.URLClassLoader.findClass(Ljava/lang/String;)Ljava/lang/Class; @ 44
Event: 142349.517 Thread 0x0000000023aed000 Uncommon trap: reason=unhandled action=none pc=0x00000000038ecde0 method=java.net.URLClassLoader.findClass(Ljava/lang/String;)Ljava/lang/Class; @ 44

Internal exceptions (10 events):
Event: 142306.102 Thread 0x00000000246ed800 Exception <a 'java/lang/ClassNotFoundException': int> (0x0000000778bb1fd8) thrown at [C:\re\workspace\8-2-build-windows-amd64-cygwin\jdk8u131\8869\hotspot\src\share\vm\classfile\systemDictionary.cpp, line 210]
Event: 142309.519 Thread 0x0000000023aed000 Exception <a 'java/lang/ClassNotFoundException': int> (0x0000000778885360) thrown at [C:\re\workspace\8-2-build-windows-amd64-cygwin\jdk8u131\8869\hotspot\src\share\vm\classfile\systemDictionary.cpp, line 210]
Event: 142316.102 Thread 0x00000000246ed800 Exception <a 'java/lang/ClassNotFoundException': int> (0x0000000778bba3a0) thrown at [C:\re\workspace\8-2-build-windows-amd64-cygwin\jdk8u131\8869\hotspot\src\share\vm\classfile\systemDictionary.cpp, line 210]
Event: 142319.518 Thread 0x0000000023aed000 Exception <a 'java/lang/ClassNotFoundException': int> (0x000000077888d728) thrown at [C:\re\workspace\8-2-build-windows-amd64-cygwin\jdk8u131\8869\hotspot\src\share\vm\classfile\systemDictionary.cpp, line 210]
Event: 142326.101 Thread 0x00000000246ed800 Exception <a 'java/lang/ClassNotFoundException': int> (0x0000000778bc2768) thrown at [C:\re\workspace\8-2-build-windows-amd64-cygwin\jdk8u131\8869\hotspot\src\share\vm\classfile\systemDictionary.cpp, line 210]
Event: 142329.517 Thread 0x0000000023aed000 Exception <a 'java/lang/ClassNotFoundException': int> (0x00000007792d66a8) thrown at [C:\re\workspace\8-2-build-windows-amd64-cygwin\jdk8u131\8869\hotspot\src\share\vm\classfile\systemDictionary.cpp, line 210]
Event: 142336.102 Thread 0x00000000246ed800 Exception <a 'java/lang/ClassNotFoundException': int> (0x0000000778bcab30) thrown at [C:\re\workspace\8-2-build-windows-amd64-cygwin\jdk8u131\8869\hotspot\src\share\vm\classfile\systemDictionary.cpp, line 210]
Event: 142339.518 Thread 0x0000000023aed000 Exception <a 'java/lang/ClassNotFoundException': int> (0x00000007792dea70) thrown at [C:\re\workspace\8-2-build-windows-amd64-cygwin\jdk8u131\8869\hotspot\src\share\vm\classfile\systemDictionary.cpp, line 210]
Event: 142346.100 Thread 0x00000000246ed800 Exception <a 'java/lang/ClassNotFoundException': int> (0x000000077959d3f0) thrown at [C:\re\workspace\8-2-build-windows-amd64-cygwin\jdk8u131\8869\hotspot\src\share\vm\classfile\systemDictionary.cpp, line 210]
Event: 142349.517 Thread 0x0000000023aed000 Exception <a 'java/lang/ClassNotFoundException': int> (0x00000007792e6e38) thrown at [C:\re\workspace\8-2-build-windows-amd64-cygwin\jdk8u131\8869\hotspot\src\share\vm\classfile\systemDictionary.cpp, line 210]

Events (10 events):
Event: 142349.517 Thread 0x0000000023aed000 DEOPT PACKING pc=0x00000000035834e0 sp=0x00000000284ecf30
Event: 142349.517 Thread 0x0000000023aed000 DEOPT UNPACKING pc=0x000000000283787f sp=0x00000000284ecc08 mode 1
Event: 142351.362 Thread 0x00000000246ec800 Thread added: 0x00000000246ec800
Event: 142351.362 Thread 0x00000000246ec000 Thread added: 0x00000000246ec000
Event: 142351.362 Executing VM operation: RevokeBias
Event: 142351.362 Executing VM operation: RevokeBias done
Event: 142351.362 Thread 0x00000000246ec800 Thread exited: 0x00000000246ec800
Event: 142351.362 Executing VM operation: RevokeBias
Event: 142351.362 Executing VM operation: RevokeBias done
Event: 142351.362 Thread 0x00000000246ec000 Thread exited: 0x00000000246ec000


Dynamic libraries:
0x000000013f9d0000 - 0x000000013fa07000 	C:\Program Files\Java\jdk1.8.0_131\bin\javaw.exe
0x0000000077a00000 - 0x0000000077baa000 	C:\Windows\SYSTEM32\ntdll.dll
0x00000000778e0000 - 0x00000000779ff000 	C:\Windows\system32\kernel32.dll
0x000007fefdcb0000 - 0x000007fefdd1a000 	C:\Windows\system32\KERNELBASE.dll
0x000007fefe380000 - 0x000007fefe45b000 	C:\Windows\system32\ADVAPI32.dll
0x000007feff680000 - 0x000007feff71f000 	C:\Windows\system32\msvcrt.dll
0x000007feffa20000 - 0x000007feffa3f000 	C:\Windows\SYSTEM32\sechost.dll
0x000007fefdd20000 - 0x000007fefde4d000 	C:\Windows\system32\RPCRT4.dll
0x00000000777e0000 - 0x00000000778da000 	C:\Windows\system32\USER32.dll
0x000007fefe6e0000 - 0x000007fefe747000 	C:\Windows\system32\GDI32.dll
0x000007fefe5f0000 - 0x000007fefe5fe000 	C:\Windows\system32\LPK.dll
0x000007fefde50000 - 0x000007fefdf1b000 	C:\Windows\system32\USP10.dll
0x000007fefc0a0000 - 0x000007fefc294000 	C:\Windows\WinSxS\amd64_microsoft.windows.common-controls_6595b64144ccf1df_6.0.7601.17514_none_fa396087175ac9ac\COMCTL32.dll
0x000007fefe600000 - 0x000007fefe671000 	C:\Windows\system32\SHLWAPI.dll
0x000007fefe540000 - 0x000007fefe56e000 	C:\Windows\system32\IMM32.DLL
0x000007feff910000 - 0x000007feffa19000 	C:\Windows\system32\MSCTF.dll
0x000000005ef50000 - 0x000000005f022000 	C:\Program Files\Java\jdk1.8.0_131\jre\bin\msvcr100.dll
0x0000000070330000 - 0x0000000070bcc000 	C:\Program Files\Java\jdk1.8.0_131\jre\bin\server\jvm.dll
0x000007feebe50000 - 0x000007feebe59000 	C:\Windows\system32\WSOCK32.dll
0x000007feff630000 - 0x000007feff67d000 	C:\Windows\system32\WS2_32.dll
0x000007feff900000 - 0x000007feff908000 	C:\Windows\system32\NSI.dll
0x000007fefbb40000 - 0x000007fefbb7b000 	C:\Windows\system32\WINMM.dll
0x000007fefc880000 - 0x000007fefc88c000 	C:\Windows\system32\VERSION.dll
0x0000000077bc0000 - 0x0000000077bc7000 	C:\Windows\system32\PSAPI.DLL
0x0000000051950000 - 0x000000005195f000 	C:\Program Files\Java\jdk1.8.0_131\jre\bin\verify.dll
0x000000006cf60000 - 0x000000006cf89000 	C:\Program Files\Java\jdk1.8.0_131\jre\bin\java.dll
0x0000000062200000 - 0x0000000062235000 	C:\Program Files\Java\jdk1.8.0_131\jre\bin\jdwp.dll
0x0000000071820000 - 0x0000000071828000 	C:\Program Files\Java\jdk1.8.0_131\jre\bin\npt.dll
0x0000000070e40000 - 0x0000000070e56000 	C:\Program Files\Java\jdk1.8.0_131\jre\bin\zip.dll
0x000007fefe880000 - 0x000007feff60b000 	C:\Windows\system32\SHELL32.dll
0x000007fefdf20000 - 0x000007fefe11c000 	C:\Windows\system32\ole32.dll
0x000007fefd910000 - 0x000007fefd91f000 	C:\Windows\system32\profapi.dll
0x000000005ef40000 - 0x000000005ef49000 	C:\Program Files\Java\jdk1.8.0_131\jre\bin\dt_socket.dll
0x000007fefb030000 - 0x000007fefb045000 	C:\Windows\system32\NLAapi.dll
0x000007fef6280000 - 0x000007fef6295000 	C:\Windows\system32\napinsp.dll
0x000007fef6260000 - 0x000007fef6279000 	C:\Windows\system32\pnrpnsp.dll
0x000007fefd140000 - 0x000007fefd195000 	C:\Windows\System32\mswsock.dll
0x000007fefcfc0000 - 0x000007fefd01b000 	C:\Windows\system32\DNSAPI.dll
0x000007fef6250000 - 0x000007fef625b000 	C:\Windows\System32\winrnr.dll
0x000007fefa4a0000 - 0x000007fefa4c7000 	C:\Windows\system32\IPHLPAPI.DLL
0x000007fefa490000 - 0x000007fefa49b000 	C:\Windows\system32\WINNSI.DLL
0x000007fefa260000 - 0x000007fefa2b3000 	C:\Windows\System32\fwpuclnt.dll
0x000007fef2dd0000 - 0x000007fef2dd8000 	C:\Windows\system32\rasadhlp.dll
0x000007fefc980000 - 0x000007fefc987000 	C:\Windows\System32\wshtcpip.dll
0x000000005ef30000 - 0x000000005ef3d000 	C:\Program Files\Java\jdk1.8.0_131\jre\bin\management.dll
0x0000000070210000 - 0x000000007022a000 	C:\Program Files\Java\jdk1.8.0_131\jre\bin\net.dll
0x000007fefd130000 - 0x000007fefd137000 	C:\Windows\System32\wship6.dll
0x000007fefa1d0000 - 0x000007fefa1e1000 	C:\Windows\system32\dhcpcsvc6.DLL
0x000007fefa150000 - 0x000007fefa168000 	C:\Windows\system32\dhcpcsvc.DLL
0x000000006f770000 - 0x000000006f781000 	C:\Program Files\Java\jdk1.8.0_131\jre\bin\nio.dll
0x000007fefd1a0000 - 0x000007fefd1b7000 	C:\Windows\system32\CRYPTSP.dll
0x000007fefcea0000 - 0x000007fefcee7000 	C:\Windows\system32\rsaenh.dll
0x000007fefcc50000 - 0x000007fefcc6e000 	C:\Windows\system32\USERENV.dll
0x000007fefd840000 - 0x000007fefd84f000 	C:\Windows\system32\CRYPTBASE.dll
0x000007fef9230000 - 0x000007fef9355000 	C:\Windows\system32\dbghelp.dll

VM Arguments:
jvm_args: -agentlib:jdwp=transport=dt_socket,suspend=y,address=localhost:61133 -Dfile.encoding=UTF-8 
java_command: GoCenterServer
java_class_path (initial): F:\workplace\game-center\target\classes;D:\apache-maven-3.5.0\repo\org\slf4j\slf4j-log4j12\1.7.21\slf4j-log4j12-1.7.21.jar;D:\apache-maven-3.5.0\repo\org\slf4j\slf4j-api\1.7.21\slf4j-api-1.7.21.jar;D:\apache-maven-3.5.0\repo\log4j\log4j\1.2.17\log4j-1.2.17.jar;D:\apache-maven-3.5.0\repo\com\google\guava\guava\18.0\guava-18.0.jar;D:\apache-maven-3.5.0\repo\javolution\javolution\5.5.1\javolution-5.5.1.jar;D:\apache-maven-3.5.0\repo\commons-lang\commons-lang\2.6\commons-lang-2.6.jar;D:\apache-maven-3.5.0\repo\commons-beanutils\commons-beanutils\1.9.3\commons-beanutils-1.9.3.jar;D:\apache-maven-3.5.0\repo\commons-logging\commons-logging\1.2\commons-logging-1.2.jar;D:\apache-maven-3.5.0\repo\commons-collections\commons-collections\3.2.2\commons-collections-3.2.2.jar;D:\apache-maven-3.5.0\repo\junit\junit\4.12\junit-4.12.jar;D:\apache-maven-3.5.0\repo\org\hamcrest\hamcrest-core\1.3\hamcrest-core-1.3.jar;D:\apache-maven-3.5.0\repo\dom4j\dom4j\1.6.1\dom4j-1.6.1.jar;D:\apache-maven-3.5.0\repo\xml-apis\xml-apis\1.0.b2\xml-apis-1.0.b2.jar;D:\apache-maven-3.5.0\repo\com\google\protobuf\protobuf-java\2.5.0\protobuf-java-2.5.0.jar;D:\apache-maven-3.5.0\repo\org\springframework\spring-context\4.3.2.RELEASE\spring-context-4.3.2.RELEASE.jar;D:\apache-maven-3.5.0\repo\org\springframework\spring-expression\4.3.2.RELEASE\spring-expression-4.3.2.RELEASE.jar;D:\apache-maven-3.5.0\repo\org\springframework\spring-core\4.3.2.RELEASE\spring-core-4.3.2.RELEASE.jar;D:\apache-maven-3.5.0\repo\org\springframework\spring-beans\4.3.2.RELEASE\spring-beans-4.3.2.RELEASE.jar;D:\apache-maven-3.5.0\repo\org\springframework\spring-aop\4.3.2.RELEASE\spring-aop-4.3.2.RELEASE.jar;D:\apache-maven-3.5.0\repo\org\springframework\spring-tx\4.3.2.RELEASE\spring-tx-4.3.2.RELEASE.jar;D:\apache-maven-3.5.0\repo\org\springframework\spring-aspects\4.3.2.RELEASE\spring-aspects-4.3.2.RELEASE.jar;D:\apache-maven-3.5.0\repo\org\aspectj\aspectjweaver\1.8.9\aspectjweaver-1.8.9.jar;D:\apache-ma
Launcher Type: SUN_STANDARD

Environment Variables:
JAVA_HOME=C:\Program Files\Java\jdk1.8.0_131
PATH=C:\Program Files\Java\jdk1.8.0_131\jre\bin;C:/Program Files/Java/jdk1.8.0_131/bin/../jre/bin/server;C:/Program Files/Java/jdk1.8.0_131/bin/../jre/bin;C:/Program Files/Java/jdk1.8.0_131/bin/../jre/lib/amd64;D:\apache-ant-1.9.11\bin;D:\Python27;D:\apache-maven-3.5.0\bin;C:\Program Files\Java\jdk1.8.0_131\bin;C:\ProgramData\Oracle\Java\javapath;C:\Windows\system32;C:\Windows;C:\Windows\System32\Wbem;C:\Windows\System32\WindowsPowerShell\v1.0\;D:\svn\bin;C:\Program Files (x86)\Windows Kits\8.1\Windows Performance Toolkit\;C:\Program Files\Microsoft SQL Server\110\Tools\Binn\;D:\Program Files\MySQL\MySQL Enterprise Backup 3.10.1\;D:\Program Files\MySQL\MySQL Utilities 1.3.6\;D:\Program Files\nodejs\;D:\cocos2d-x-3.17\templates;D:\cocos2d-x-3.17\tools\cocos2d-console\bin;C:\Users\admin\AppData\Roaming\npm;D:\Program Files (x86)\Egret\Egret Wing 3\bin;D:\Program Files\Microsoft VS Code\bin;C:\Users\admin\AppData\Local\atom\bin;E:\eclipse;
USERNAME=admin
OS=Windows_NT
PROCESSOR_IDENTIFIER=Intel64 Family 6 Model 158 Stepping 9, GenuineIntel



---------------  S Y S T E M  ---------------

OS: Windows 7 , 64 bit Build 7601 (6.1.7601.23807)

CPU:total 4 (initial active 4) (4 cores per cpu, 1 threads per core) family 6 model 158 stepping 9, cmov, cx8, fxsr, mmx, sse, sse2, sse3, ssse3, sse4.1, sse4.2, popcnt, avx, avx2, aes, clmul, erms, rtm, 3dnowpref, lzcnt, tsc, tscinvbit, bmi1, bmi2, adx

Memory: 4k page, physical 16716420k(564264k free), swap 33430980k(12261464k free)

vm_info: Java HotSpot(TM) 64-Bit Server VM (25.131-b11) for windows-amd64 JRE (1.8.0_131-b11), built on Mar 15 2017 01:23:53 by "java_re" with MS VC++ 10.0 (VS2010)

time: Tue Oct 02 09:00:48 2018
elapsed time: 142351 seconds (1d 15h 32m 31s)

